********************************************************************************
* Unified simulation Tcl App stack trace dump
*
* File: .usf.tcl_error.log (Thu Oct 10 17:59:33 2024)
*
* This file is generated by the unified simulation automation and contains the
* tcl stack trace of error returned by the simulator App for the current run.
*
********************************************************************************
ERROR: [Common 17-161] Invalid option value '' specified for 'object'.

    while executing
"get_property "xsim.elaborate.snapshot" $a_sim_vars(fs_obj)"
    (procedure "usf_xsim_get_snapshot" line 8)
    invoked from within
"usf_xsim_get_snapshot"
    (procedure "usf_xsim_setup_simulation" line 17)
    invoked from within
"usf_xsim_setup_simulation"
    (procedure "tclapp::xilinx::xsim::setup" line 24)
    invoked from within
"tclapp::xilinx::xsim::setup { -simset sim_1 -mode behavioral -run_dir E:/Documents/Engineering/SOC1/project_2/project_2.sim/sim_1/behav/xsim -int_os_t..."
